<?xml version="1.0" encoding="UTF-8"?>
<!-- Generated by org.testng.reporters.JUnitReportReporter -->
<testsuite hostname="fc54053253ff" failures="0" tests="2" name="com.ecsd.automation.CucumberRunner" time="20.396" errors="0" timestamp="24 Sep 2021 01:04:41 GMT">
  <testcase classname="com.ecsd.automation.CucumberRunner" name="runScenario" time="12.530"/>
  <testcase classname="com.ecsd.automation.CucumberRunner" name="runScenario" time="7.866"/>
</testsuite> <!-- com.ecsd.automation.CucumberRunner -->
