<?xml version="1.0" encoding="UTF-8"?>
<!-- Generated by org.testng.reporters.JUnitReportReporter -->
<testsuite hostname="fc54053253ff" failures="0" tests="2" name="com.ecsd.automation.brand.CalculationsTest" time="0.000" errors="0" timestamp="24 Sep 2021 01:03:55 GMT">
  <testcase classname="com.ecsd.automation.brand.CalculationsTest" name="test_getIndexOfBalancedArray_should_return_null_when_unblanaced" time="0.000"/>
  <testcase classname="com.ecsd.automation.brand.CalculationsTest" name="test_getIndexOfBalancedArray_should_return_the_correct_index" time="0.000"/>
</testsuite> <!-- com.ecsd.automation.brand.CalculationsTest -->
