<?xml version="1.0" encoding="UTF-8"?>
<!-- Generated by org.testng.reporters.JUnitReportReporter -->
<testsuite hostname="fc54053253ff" failures="0" tests="1" name="com.ecsd.automation.core.model.BrowserManagerTest" time="0.494" errors="0" timestamp="24 Sep 2021 01:03:55 GMT">
  <testcase classname="com.ecsd.automation.core.model.BrowserManagerTest" name="test_getDriver_should_return_the_same_instance_when_used_in_the_same_test_case" time="0.494"/>
</testsuite> <!-- com.ecsd.automation.core.model.BrowserManagerTest -->
